[2023-03-06 11:50:33] laravel.EMERGENCY: Unable to create configured logger. Using emergency logger. {"exception":"[object] (InvalidArgumentException(code: 0): Log [default] is not defined. at /Users/jyrki/Sites/codedor/facade-docblock-generator-zero/vendor/illuminate/log/LogManager.php:210)
[stacktrace]
#0 /Users/jyrki/Sites/codedor/facade-docblock-generator-zero/vendor/illuminate/log/LogManager.php(135): Illuminate\\Log\\LogManager->resolve('default', NULL)
#1 /Users/jyrki/Sites/codedor/facade-docblock-generator-zero/vendor/illuminate/log/LogManager.php(122): Illuminate\\Log\\LogManager->get('default')
#2 /Users/jyrki/Sites/codedor/facade-docblock-generator-zero/vendor/illuminate/log/LogManager.php(645): Illuminate\\Log\\LogManager->driver()
#3 /Users/jyrki/Sites/codedor/facade-docblock-generator-zero/vendor/laravel-zero/foundation/src/Illuminate/Foundation/Exceptions/Handler.php(274): Illuminate\\Log\\LogManager->error('Cannot add a re...', Array)
#4 /Users/jyrki/Sites/codedor/facade-docblock-generator-zero/vendor/nunomaduro/collision/src/Adapters/Laravel/ExceptionHandler.php(46): Illuminate\\Foundation\\Exceptions\\Handler->report(Object(Symfony\\Component\\Console\\Exception\\LogicException))
#5 /Users/jyrki/Sites/codedor/facade-docblock-generator-zero/vendor/laravel-zero/foundation/src/Illuminate/Foundation/Console/Kernel.php(454): NunoMaduro\\Collision\\Adapters\\Laravel\\ExceptionHandler->report(Object(Symfony\\Component\\Console\\Exception\\LogicException))
#6 /Users/jyrki/Sites/codedor/facade-docblock-generator-zero/vendor/laravel-zero/foundation/src/Illuminate/Foundation/Console/Kernel.php(157): Illuminate\\Foundation\\Console\\Kernel->reportException(Object(Symfony\\Component\\Console\\Exception\\LogicException))
#7 /Users/jyrki/Sites/codedor/facade-docblock-generator-zero/vendor/laravel-zero/framework/src/Kernel.php(96): Illuminate\\Foundation\\Console\\Kernel->handle(Object(Symfony\\Component\\Console\\Input\\ArgvInput), Object(Symfony\\Component\\Console\\Output\\ConsoleOutput))
#8 /Users/jyrki/Sites/codedor/facade-docblock-generator-zero/facade-docblock-generator(35): LaravelZero\\Framework\\Kernel->handle(Object(Symfony\\Component\\Console\\Input\\ArgvInput), Object(Symfony\\Component\\Console\\Output\\ConsoleOutput))
#9 {main}
"} 
[2023-03-06 11:50:33] laravel.ERROR: Cannot add a required argument "namespace" after an optional one "command". {"exception":"[object] (Symfony\\Component\\Console\\Exception\\LogicException(code: 0): Cannot add a required argument \"namespace\" after an optional one \"command\". at /Users/jyrki/Sites/codedor/facade-docblock-generator-zero/vendor/symfony/console/Input/InputDefinition.php:108)
[stacktrace]
#0 /Users/jyrki/Sites/codedor/facade-docblock-generator-zero/vendor/symfony/console/Input/InputDefinition.php(89): Symfony\\Component\\Console\\Input\\InputDefinition->addArgument(Object(Symfony\\Component\\Console\\Input\\InputArgument))
#1 /Users/jyrki/Sites/codedor/facade-docblock-generator-zero/vendor/symfony/console/Command/Command.php(393): Symfony\\Component\\Console\\Input\\InputDefinition->addArguments(Array)
#2 /Users/jyrki/Sites/codedor/facade-docblock-generator-zero/vendor/symfony/console/Command/Command.php(267): Symfony\\Component\\Console\\Command\\Command->mergeApplicationDefinition()
#3 /Users/jyrki/Sites/codedor/facade-docblock-generator-zero/vendor/illuminate/console/Command.php(163): Symfony\\Component\\Console\\Command\\Command->run(Object(Symfony\\Component\\Console\\Input\\ArgvInput), Object(Illuminate\\Console\\OutputStyle))
#4 /Users/jyrki/Sites/codedor/facade-docblock-generator-zero/vendor/symfony/console/Application.php(1022): Illuminate\\Console\\Command->run(Object(Symfony\\Component\\Console\\Input\\ArgvInput), Object(Symfony\\Component\\Console\\Output\\ConsoleOutput))
#5 /Users/jyrki/Sites/codedor/facade-docblock-generator-zero/vendor/symfony/console/Application.php(314): Symfony\\Component\\Console\\Application->doRunCommand(Object(App\\Commands\\DefaultCommand), Object(Symfony\\Component\\Console\\Input\\ArgvInput), Object(Symfony\\Component\\Console\\Output\\ConsoleOutput))
#6 /Users/jyrki/Sites/codedor/facade-docblock-generator-zero/vendor/symfony/console/Application.php(168): Symfony\\Component\\Console\\Application->doRun(Object(Symfony\\Component\\Console\\Input\\ArgvInput), Object(Symfony\\Component\\Console\\Output\\ConsoleOutput))
#7 /Users/jyrki/Sites/codedor/facade-docblock-generator-zero/vendor/illuminate/console/Application.php(102): Symfony\\Component\\Console\\Application->run(Object(Symfony\\Component\\Console\\Input\\ArgvInput), Object(Symfony\\Component\\Console\\Output\\ConsoleOutput))
#8 /Users/jyrki/Sites/codedor/facade-docblock-generator-zero/vendor/laravel-zero/foundation/src/Illuminate/Foundation/Console/Kernel.php(155): Illuminate\\Console\\Application->run(Object(Symfony\\Component\\Console\\Input\\ArgvInput), Object(Symfony\\Component\\Console\\Output\\ConsoleOutput))
#9 /Users/jyrki/Sites/codedor/facade-docblock-generator-zero/vendor/laravel-zero/framework/src/Kernel.php(96): Illuminate\\Foundation\\Console\\Kernel->handle(Object(Symfony\\Component\\Console\\Input\\ArgvInput), Object(Symfony\\Component\\Console\\Output\\ConsoleOutput))
#10 /Users/jyrki/Sites/codedor/facade-docblock-generator-zero/facade-docblock-generator(35): LaravelZero\\Framework\\Kernel->handle(Object(Symfony\\Component\\Console\\Input\\ArgvInput), Object(Symfony\\Component\\Console\\Output\\ConsoleOutput))
#11 {main}
"} 
